<?xml version="1.0" encoding="UTF-8"?>
<!-- Generated by org.testng.reporters.JUnitXMLReporter -->
<testsuite ignored="0" hostname="inbl01lap7191" failures="1" tests="1" name="Test" time="3.711" errors="0" timestamp="13 Feb 2022 14:12:10 GMT">
  <testcase classname="TestCase.TestCase_001" name="validateLoginnnn" time="0.004">
    <failure type="java.lang.NullPointerException" message="Cannot invoke &amp;quot;org.openqa.selenium.WebElement.sendKeys(java.lang.CharSequence[])&amp;quot; because &amp;quot;this.firstname&amp;quot; is null">
      <![CDATA[java.lang.NullPointerException: Cannot invoke "org.openqa.selenium.WebElement.sendKeys(java.lang.CharSequence[])" because "this.firstname" is null
at LogInPage.WebPage.login22(WebPage.java:93)
at TestCase.TestCase_001.validateLoginnnn(TestCase_001.java:39)
... Removed 25 stack frames]]>
    </failure>
  </testcase> <!-- validateLoginnnn -->
</testsuite> <!-- Test -->
